(DATA) frimann@Drungi:~/Dropbox/2017 haust - Tölvunarfræði HR/DATA/Project/Final Project% python3 NNChess-V2.py
Using TensorFlow backend.
2017-11-04 16:24:57.108452: I tensorflow/core/platform/cpu_feature_guard.cc:137] Your CPU supports instructions that this TensorFlow binary was not compiled to use: SSE4.1 SSE4.2 AVX
_________________________________________________________________
Layer (type)                 Output Shape              Param #
=================================================================
dense_1 (Dense)              (None, 2048)              1574912
_________________________________________________________________
activation_1 (Activation)    (None, 2048)              0
_________________________________________________________________
dropout_1 (Dropout)          (None, 2048)              0
_________________________________________________________________
dense_2 (Dense)              (None, 2048)              4196352
_________________________________________________________________
activation_2 (Activation)    (None, 2048)              0
_________________________________________________________________
dropout_2 (Dropout)          (None, 2048)              0
_________________________________________________________________
dense_3 (Dense)              (None, 2048)              4196352
_________________________________________________________________
activation_3 (Activation)    (None, 2048)              0
_________________________________________________________________
dense_4 (Dense)              (None, 1)                 2049
=================================================================
Total params: 9,969,665
Trainable params: 9,969,665
Non-trainable params: 0
_________________________________________________________________
Loading testdata  standar
done loading:  data/standar.data

Loading blitzz
done loading:  data/blitzz.data

Fitting blitzz
Epoch 1/10
  6496/629673 [..............................] - ETA: 49:29 - loss: 40.4356^CTraceback (most recent call last):
  File "NNChess-V2.py", line 176, in <module>
    print("\nFitting blitzz")
  File "/Volumes/Fatboy/Users/frimann/.virtualenvs/DATA/lib/python3.5/site-packages/keras/models.py", line 893, in fit
    initial_epoch=initial_epoch)
  File "/Volumes/Fatboy/Users/frimann/.virtualenvs/DATA/lib/python3.5/site-packages/keras/engine/training.py", line 1631, in fit
    validation_steps=validation_steps)
  File "/Volumes/Fatboy/Users/frimann/.virtualenvs/DATA/lib/python3.5/site-packages/keras/engine/training.py", line 1213, in _fit_loop
    outs = f(ins_batch)
  File "/Volumes/Fatboy/Users/frimann/.virtualenvs/DATA/lib/python3.5/site-packages/keras/backend/tensorflow_backend.py", line 2332, in __call__
    **self.session_kwargs)
  File "/Volumes/Fatboy/Users/frimann/.virtualenvs/DATA/lib/python3.5/site-packages/tensorflow/python/client/session.py", line 889, in run
    run_metadata_ptr)
  File "/Volumes/Fatboy/Users/frimann/.virtualenvs/DATA/lib/python3.5/site-packages/tensorflow/python/client/session.py", line 1120, in _run
    feed_dict_tensor, options, run_metadata)
  File "/Volumes/Fatboy/Users/frimann/.virtualenvs/DATA/lib/python3.5/site-packages/tensorflow/python/client/session.py", line 1317, in _do_run
    options, run_metadata)
  File "/Volumes/Fatboy/Users/frimann/.virtualenvs/DATA/lib/python3.5/site-packages/tensorflow/python/client/session.py", line 1323, in _do_call
    return fn(*args)
  File "/Volumes/Fatboy/Users/frimann/.virtualenvs/DATA/lib/python3.5/site-packages/tensorflow/python/client/session.py", line 1302, in _run_fn
    status, run_metadata)
KeyboardInterrupt
(DATA) frimann@Drungi:~/Dropbox/2017 haust - Tölvunarfræði HR/DATA/Project/Final Project% python3 NNChess-V2.py
Using TensorFlow backend.
2017-11-04 16:27:38.915484: I tensorflow/core/platform/cpu_feature_guard.cc:137] Your CPU supports instructions that this TensorFlow binary was not compiled to use: SSE4.1 SSE4.2 AVX
_________________________________________________________________
Layer (type)                 Output Shape              Param #
=================================================================
dense_1 (Dense)              (None, 512)               393728
_________________________________________________________________
activation_1 (Activation)    (None, 512)               0
_________________________________________________________________
dropout_1 (Dropout)          (None, 512)               0
_________________________________________________________________
dense_2 (Dense)              (None, 512)               262656
_________________________________________________________________
activation_2 (Activation)    (None, 512)               0
_________________________________________________________________
dropout_2 (Dropout)          (None, 512)               0
_________________________________________________________________
dense_3 (Dense)              (None, 512)               262656
_________________________________________________________________
activation_3 (Activation)    (None, 512)               0
_________________________________________________________________
dense_4 (Dense)              (None, 1)                 513
=================================================================
Total params: 919,553
Trainable params: 919,553
Non-trainable params: 0
_________________________________________________________________
Loading testdata  standar
done loading:  data/standar.data

Loading blitzz
done loading:  data/blitzz.data

Fitting blitzz
Epoch 1/10
629673/629673 [==============================] - 205s 326us/step - loss: 30.0655
Epoch 2/10
629673/629673 [==============================] - 199s 317us/step - loss: 24.5711
Epoch 3/10
629673/629673 [==============================] - 198s 315us/step - loss: 22.6722
Epoch 4/10
629673/629673 [==============================] - 199s 315us/step - loss: 21.5691
Epoch 5/10
629673/629673 [==============================] - 198s 315us/step - loss: 20.5933
Epoch 6/10
629673/629673 [==============================] - 199s 317us/step - loss: 19.9768
Epoch 7/10
629673/629673 [==============================] - 198s 314us/step - loss: 19.2562
Epoch 8/10
629673/629673 [==============================] - 199s 316us/step - loss: 18.8741
Epoch 9/10
629673/629673 [==============================] - 198s 314us/step - loss: 18.4762
Epoch 10/10
629673/629673 [==============================] - 198s 315us/step - loss: 17.9418
evaluating
310651/310651 [==============================] - 17s 56us/step
score:  17.2372797243

 TESTING MODEL
Value Error Rate (with respect to +- 0.5 difference):  0.68
Sign Error Rate:  0.32

Loading lightning
done loading:  data/lightning.data

Fitting lightning
Epoch 1/10
431576/431576 [==============================] - 137s 319us/step - loss: 36.8371
Epoch 2/10
431576/431576 [==============================] - 137s 316us/step - loss: 33.0631
Epoch 3/10
431576/431576 [==============================] - 136s 314us/step - loss: 31.1574
Epoch 4/10
431576/431576 [==============================] - 136s 314us/step - loss: 29.8184
Epoch 5/10
431576/431576 [==============================] - 136s 314us/step - loss: 28.5452
Epoch 6/10
431576/431576 [==============================] - 136s 314us/step - loss: 27.6416
Epoch 7/10
431576/431576 [==============================] - 136s 315us/step - loss: 26.8764
Epoch 8/10
431576/431576 [==============================] - 136s 314us/step - loss: 26.1554
Epoch 9/10
431576/431576 [==============================] - 137s 318us/step - loss: 25.6242
Epoch 10/10
431576/431576 [==============================] - 136s 314us/step - loss: 25.0374
evaluating
310651/310651 [==============================] - 17s 56us/step
score:  17.9374833287

 TESTING MODEL
Value Error Rate (with respect to +- 0.5 difference):  0.69
Sign Error Rate:  0.29

Loading titled
done loading:  data/titled.data

Fitting titled
Epoch 1/10
1561005/1561005 [==============================] - 496s 318us/step - loss: 8.8812
Epoch 2/10
1561005/1561005 [==============================] - 495s 317us/step - loss: 8.2898
Epoch 3/10
1561005/1561005 [==============================] - 491s 315us/step - loss: 7.9399
Epoch 4/10
1561005/1561005 [==============================] - 492s 315us/step - loss: 7.6413
Epoch 5/10
1561005/1561005 [==============================] - 494s 316us/step - loss: 7.4733
Epoch 6/10
1561005/1561005 [==============================] - 494s 316us/step - loss: 7.3427
Epoch 7/10
1561005/1561005 [==============================] - 490s 314us/step - loss: 7.1800
Epoch 8/10
1561005/1561005 [==============================] - 494s 317us/step - loss: 7.0856
Epoch 9/10
1561005/1561005 [==============================] - 492s 315us/step - loss: 6.9378
Epoch 10/10
1561005/1561005 [==============================] - 491s 315us/step - loss: 6.8540
evaluating
310651/310651 [==============================] - 19s 61us/step
score:  17.4939087156

 TESTING MODEL
Value Error Rate (with respect to +- 0.5 difference):  0.71
Sign Error Rate:  0.25
Saved model to disk

 TESTING MODEL
Value Error Rate (with respect to +- 0.5 difference):  0.607881513338119
Sign Error Rate:  0.28647582013256034